Copyright 1986-2019 Xilinx, Inc. All Rights Reserved.
-----------------------------------------------------------------------------------------------------------------------------------------------------------------------
| Tool Version : Vivado v.2019.1 (lin64) Build 2552052 Fri May 24 14:47:09 MDT 2019
| Date         : Mon Nov 18 14:11:37 2024
| Host         : rur1k-TP410UAR running 64-bit Ubuntu 24.04.1 LTS
| Command      : report_methodology -file sev_seg_top_methodology_drc_routed.rpt -pb sev_seg_top_methodology_drc_routed.pb -rpx sev_seg_top_methodology_drc_routed.rpx
| Design       : sev_seg_top
| Device       : xc7a100tcsg324-1
| Speed File   : -1
| Design State : Fully Routed
-----------------------------------------------------------------------------------------------------------------------------------------------------------------------

Report Methodology

Table of Contents
-----------------
1. REPORT SUMMARY
2. REPORT DETAILS

1. REPORT SUMMARY
-----------------
            Netlist: netlist
          Floorplan: design_1
      Design limits: <entire design considered>
             Max violations: <unlimited>
             Violations found: 28
+-----------+------------------+-------------------------------+------------+
| Rule      | Severity         | Description                   | Violations |
+-----------+------------------+-------------------------------+------------+
| TIMING-17 | Critical Warning | Non-clocked sequential cell   | 4          |
| TIMING-18 | Warning          | Missing input or output delay | 16         |
| TIMING-23 | Warning          | Combinational loop found      | 8          |
+-----------+------------------+-------------------------------+------------+

2. REPORT DETAILS
-----------------
TIMING-17#1 Critical Warning
Non-clocked sequential cell  
The clock pin behavioural_reg/q_reg[0]/C is not reached by a timing clock
Related violations: <none>

TIMING-17#2 Critical Warning
Non-clocked sequential cell  
The clock pin behavioural_reg/q_reg[1]/C is not reached by a timing clock
Related violations: <none>

TIMING-17#3 Critical Warning
Non-clocked sequential cell  
The clock pin behavioural_reg/q_reg[2]/C is not reached by a timing clock
Related violations: <none>

TIMING-17#4 Critical Warning
Non-clocked sequential cell  
The clock pin behavioural_reg/q_reg[3]/C is not reached by a timing clock
Related violations: <none>

TIMING-18#1 Warning
Missing input or output delay  
An input delay is missing on CPU_RESETN relative to clock(s) sys_clk_pin
Related violations: <none>

TIMING-18#2 Warning
Missing input or output delay  
An output delay is missing on AN[0] relative to clock(s) sys_clk_pin
Related violations: <none>

TIMING-18#3 Warning
Missing input or output delay  
An output delay is missing on AN[1] relative to clock(s) sys_clk_pin
Related violations: <none>

TIMING-18#4 Warning
Missing input or output delay  
An output delay is missing on AN[2] relative to clock(s) sys_clk_pin
Related violations: <none>

TIMING-18#5 Warning
Missing input or output delay  
An output delay is missing on AN[3] relative to clock(s) sys_clk_pin
Related violations: <none>

TIMING-18#6 Warning
Missing input or output delay  
An output delay is missing on AN[4] relative to clock(s) sys_clk_pin
Related violations: <none>

TIMING-18#7 Warning
Missing input or output delay  
An output delay is missing on AN[5] relative to clock(s) sys_clk_pin
Related violations: <none>

TIMING-18#8 Warning
Missing input or output delay  
An output delay is missing on AN[6] relative to clock(s) sys_clk_pin
Related violations: <none>

TIMING-18#9 Warning
Missing input or output delay  
An output delay is missing on AN[7] relative to clock(s) sys_clk_pin
Related violations: <none>

TIMING-18#10 Warning
Missing input or output delay  
An output delay is missing on CA relative to clock(s) sys_clk_pin
Related violations: <none>

TIMING-18#11 Warning
Missing input or output delay  
An output delay is missing on CB relative to clock(s) sys_clk_pin
Related violations: <none>

TIMING-18#12 Warning
Missing input or output delay  
An output delay is missing on CC relative to clock(s) sys_clk_pin
Related violations: <none>

TIMING-18#13 Warning
Missing input or output delay  
An output delay is missing on CD relative to clock(s) sys_clk_pin
Related violations: <none>

TIMING-18#14 Warning
Missing input or output delay  
An output delay is missing on CE relative to clock(s) sys_clk_pin
Related violations: <none>

TIMING-18#15 Warning
Missing input or output delay  
An output delay is missing on CF relative to clock(s) sys_clk_pin
Related violations: <none>

TIMING-18#16 Warning
Missing input or output delay  
An output delay is missing on CG relative to clock(s) sys_clk_pin
Related violations: <none>

TIMING-23#1 Warning
Combinational loop found  
A timing loop has been detected on a combinational path. A timing arc has been disabled between CA_OBUF_inst_i_10/I2 and CA_OBUF_inst_i_10/O to disable the timing loop
Related violations: <none>

TIMING-23#2 Warning
Combinational loop found  
A timing loop has been detected on a combinational path. A timing arc has been disabled between CA_OBUF_inst_i_11/I2 and CA_OBUF_inst_i_11/O to disable the timing loop
Related violations: <none>

TIMING-23#3 Warning
Combinational loop found  
A timing loop has been detected on a combinational path. A timing arc has been disabled between CA_OBUF_inst_i_12/I2 and CA_OBUF_inst_i_12/O to disable the timing loop
Related violations: <none>

TIMING-23#4 Warning
Combinational loop found  
A timing loop has been detected on a combinational path. A timing arc has been disabled between CA_OBUF_inst_i_13/I2 and CA_OBUF_inst_i_13/O to disable the timing loop
Related violations: <none>

TIMING-23#5 Warning
Combinational loop found  
A timing loop has been detected on a combinational path. A timing arc has been disabled between CA_OBUF_inst_i_6/I0 and CA_OBUF_inst_i_6/O to disable the timing loop
Related violations: <none>

TIMING-23#6 Warning
Combinational loop found  
A timing loop has been detected on a combinational path. A timing arc has been disabled between CA_OBUF_inst_i_7/I0 and CA_OBUF_inst_i_7/O to disable the timing loop
Related violations: <none>

TIMING-23#7 Warning
Combinational loop found  
A timing loop has been detected on a combinational path. A timing arc has been disabled between CA_OBUF_inst_i_8/I0 and CA_OBUF_inst_i_8/O to disable the timing loop
Related violations: <none>

TIMING-23#8 Warning
Combinational loop found  
A timing loop has been detected on a combinational path. A timing arc has been disabled between CA_OBUF_inst_i_9/I0 and CA_OBUF_inst_i_9/O to disable the timing loop
Related violations: <none>


