INFO: [VRFC 10-2263] Analyzing SystemVerilog file "/home/rur1k/Vpro/FlipFlopLabs/src/Counters/modules/counter_nbit.sv" into library xil_defaultlib
INFO: [VRFC 10-311] analyzing module counter_nbit
INFO: [VRFC 10-2263] Analyzing SystemVerilog file "/home/rur1k/Vpro/FlipFlopLabs/src/Counters/modules/counter_4bit.sv" into library xil_defaultlib
INFO: [VRFC 10-311] analyzing module counter_4bit
INFO: [VRFC 10-2263] Analyzing SystemVerilog file "/home/rur1k/Vpro/FlipFlopLabs/src/Register/modules/Register.sv" into library xil_defaultlib
INFO: [VRFC 10-311] analyzing module Register
INFO: [VRFC 10-2263] Analyzing SystemVerilog file "/home/rur1k/Vpro/FlipFlopLabs/src/Register/modules/register_par.sv" into library xil_defaultlib
INFO: [VRFC 10-311] analyzing module register_par
INFO: [VRFC 10-2263] Analyzing SystemVerilog file "/home/rur1k/Vpro/FlipFlopLabs/src/Register/modules/register_beh.sv" into library xil_defaultlib
INFO: [VRFC 10-311] analyzing module register_beh
INFO: [VRFC 10-2263] Analyzing SystemVerilog file "/home/rur1k/Vpro/FlipFlopLabs/src/adder/modules/half_adder.sv" into library xil_defaultlib
INFO: [VRFC 10-311] analyzing module half_adder
INFO: [VRFC 10-2263] Analyzing SystemVerilog file "/home/rur1k/Vpro/FlipFlopLabs/src/adder/modules/bit_add_sub.sv" into library xil_defaultlib
INFO: [VRFC 10-311] analyzing module bit_add_sub
INFO: [VRFC 10-2263] Analyzing SystemVerilog file "/home/rur1k/Vpro/FlipFlopLabs/src/adder/modules/full_adder.sv" into library xil_defaultlib
INFO: [VRFC 10-311] analyzing module full_adder
INFO: [VRFC 10-2263] Analyzing SystemVerilog file "/home/rur1k/Vpro/FlipFlopLabs/src/adder/modules/bit_adder.sv" into library xil_defaultlib
INFO: [VRFC 10-311] analyzing module bit_adder
INFO: [VRFC 10-2263] Analyzing SystemVerilog file "/home/rur1k/Vpro/FlipFlopLabs/src/multiplier/modules/mult_8bit.sv" into library xil_defaultlib
INFO: [VRFC 10-311] analyzing module mult_8bit
INFO: [VRFC 10-2263] Analyzing SystemVerilog file "/home/rur1k/Vpro/FlipFlopLabs/src/DFF/modules/DFF.sv" into library xil_defaultlib
INFO: [VRFC 10-311] analyzing module DFF
INFO: [VRFC 10-2263] Analyzing SystemVerilog file "/home/rur1k/Vpro/FlipFlopLabs/src/DFF/modules/DLatch.sv" into library xil_defaultlib
INFO: [VRFC 10-311] analyzing module DLatch
INFO: [VRFC 10-2263] Analyzing SystemVerilog file "/home/rur1k/Vpro/FlipFlopLabs/src/FPGA-imp/modules/imp_register.sv" into library xil_defaultlib
INFO: [VRFC 10-311] analyzing module imp_register
INFO: [VRFC 10-2263] Analyzing SystemVerilog file "/home/rur1k/Vpro/FlipFlopLabs/src/FPGA-imp/modules/imp_counter_4bit.sv" into library xil_defaultlib
INFO: [VRFC 10-311] analyzing module imp_counter
INFO: [VRFC 10-2263] Analyzing SystemVerilog file "/home/rur1k/Vpro/FlipFlopLabs/src/sev_seg/modules/counter_n_bit.sv" into library xil_defaultlib
INFO: [VRFC 10-311] analyzing module counter_n_bit
WARNING: [VRFC 10-3467] initial value of parameter 'n' is omitted [/home/rur1k/Vpro/FlipFlopLabs/src/sev_seg/modules/counter_n_bit.sv:2]
INFO: [VRFC 10-2263] Analyzing SystemVerilog file "/home/rur1k/Vpro/FlipFlopLabs/src/sev_seg/modules/sev_seg_controller.sv" into library xil_defaultlib
INFO: [VRFC 10-311] analyzing module sev_seg_controller
INFO: [VRFC 10-2263] Analyzing SystemVerilog file "/home/rur1k/Vpro/FlipFlopLabs/src/sev_seg/modules/decoder.sv" into library xil_defaultlib
INFO: [VRFC 10-311] analyzing module decoder
INFO: [VRFC 10-2263] Analyzing SystemVerilog file "/home/rur1k/Vpro/FlipFlopLabs/src/sev_seg/modules/sev_seg_decoder.sv" into library xil_defaultlib
INFO: [VRFC 10-311] analyzing module seven_seg_decoder
INFO: [VRFC 10-2263] Analyzing SystemVerilog file "/home/rur1k/Vpro/FlipFlopLabs/src/Register/tests/tb_Register.sv" into library xil_defaultlib
INFO: [VRFC 10-311] analyzing module tb_Register
INFO: [VRFC 10-2263] Analyzing SystemVerilog file "/home/rur1k/Vpro/FlipFlopLabs/src/Register/tests/tb_resgister_par.sv" into library xil_defaultlib
INFO: [VRFC 10-311] analyzing module tb_resgister_par
INFO: [VRFC 10-2263] Analyzing SystemVerilog file "/home/rur1k/Vpro/FlipFlopLabs/src/DFF/tests/tb_D_FlipFlop.sv" into library xil_defaultlib
INFO: [VRFC 10-311] analyzing module tb_D_FlipFlop
INFO: [VRFC 10-2263] Analyzing SystemVerilog file "/home/rur1k/Vpro/FlipFlopLabs/src/DFF/tests/tb_D_Latch.sv" into library xil_defaultlib
INFO: [VRFC 10-311] analyzing module tb_D_Latch
INFO: [VRFC 10-2263] Analyzing SystemVerilog file "/home/rur1k/Vpro/FlipFlopLabs/src/multiplier/tests/tb_mult.sv" into library xil_defaultlib
INFO: [VRFC 10-311] analyzing module tb_mult
INFO: [VRFC 10-2263] Analyzing SystemVerilog file "/home/rur1k/Vpro/FlipFlopLabs/src/Counters/tests/tb_counter_nbit.sv" into library xil_defaultlib
INFO: [VRFC 10-311] analyzing module tb_counter_nbit
INFO: [VRFC 10-2263] Analyzing SystemVerilog file "/home/rur1k/Vpro/FlipFlopLabs/src/Counters/tests/tb_counter_4bit.sv" into library xil_defaultlib
INFO: [VRFC 10-311] analyzing module tb_counter_4bit
